        -:    0:Source:init.c
        -:    0:Graph:./init.gcno
        -:    0:Data:./init.gcda
        -:    0:Runs:12
        -:    1:#include <R.h>
        -:    2:#include <Rinternals.h>
        -:    3:#include <stdlib.h> // for NULL
        -:    4:#include <R_ext/Rdynload.h>
        -:    5:
        -:    6:/* .Call calls */
        -:    7:extern SEXP base64_enc(SEXP);
        -:    8:extern SEXP base64_dec(SEXP);
        -:    9:extern SEXP rand_lcg(SEXP, SEXP, SEXP, SEXP, SEXP);
        -:   10:
        -:   11:static const R_CallMethodDef CallEntries[] = {
        -:   12:  {"base64_enc",       (DL_FUNC) &base64_enc,       1},
        -:   13:  {"base64_dec",       (DL_FUNC) &base64_dec,       1},
        -:   14:  {"rand_lcg",         (DL_FUNC) &rand_lcg,         5},
        -:   15:  {NULL, NULL, 0}
        -:   16:};
        -:   17:
       12:   18:void R_init_xfun(DllInfo *dll)
        -:   19:{
       12:   20:  R_registerRoutines(dll, NULL, CallEntries, NULL, NULL);
       12:   21:  R_useDynamicSymbols(dll, FALSE);
       12:   22:}
